[2026-07-21T16:11:40.165Z] GET http://localhost:8797/deck/site/enroll.html?sk=1 → 200 (20ms, 12257B)
[2026-07-21T16:11:40.194Z] GET https://fonts.googleapis.com/css2?family=Podkova:wght@400;500;600;700;800&family=Inter:ital,wght@0,400;0,500;0,600;0,700;1,400&display=swap → 200 (104ms, 1565B)
[2026-07-21T16:11:40.194Z] GET http://localhost:8797/deck/site/site.css?v=10 → 200 (10ms, 23453B)
[2026-07-21T16:11:40.194Z] GET http://localhost:8797/deck/assets/img/pd-logo.jpg → 200 (11ms, 18619B)
[2026-07-21T16:11:40.194Z] GET http://localhost:8797/deck/assets/img/ba-studio-after.jpg → 200 (11ms, 504824B)
[2026-07-21T16:11:40.194Z] GET http://localhost:8797/deck/assets/img/instr-lori.jpg → 200 (11ms, 45989B)
[2026-07-21T16:11:40.349Z] GET https://fonts.gstatic.com/s/inter/v20/UcC73FwrK3iLTeHuS_nVMrMxCp50SjIa1ZL7W0Q5nw.woff2 → 200 (203ms, 48983B)
[2026-07-21T16:11:40.349Z] GET https://fonts.gstatic.com/s/podkova/v33/K2FxfZ1EmftJSV9VaJnzJ6CiDyo.woff2 → 200 (219ms, 25461B)
[2026-07-21T16:32:35.745Z] GET http://localhost:8797/deck/site/performing-groups.html?v=1 → 200 (20ms, 6666B)
[2026-07-21T16:32:35.803Z] GET https://fonts.googleapis.com/css2?family=Podkova:wght@400;500;600;700;800&family=Inter:ital,wght@0,400;0,500;0,600;0,700;1,400&display=swap → 200 (?ms, -743B)
[2026-07-21T16:32:35.804Z] GET http://localhost:8797/deck/site/site.css?v=10 → 304 (?ms, ?B)
[2026-07-21T16:32:35.804Z] GET http://localhost:8797/deck/assets/img/pd-logo.jpg → 200 (?ms, -188B)
[2026-07-21T16:32:35.804Z] GET http://localhost:8797/deck/assets/img/silk-blue.jpg → 200 (?ms, 275319B)
[2026-07-21T16:32:35.835Z] GET https://fonts.gstatic.com/s/inter/v20/UcC73FwrK3iLTeHuS_nVMrMxCp50SjIa1ZL7W0Q5nw.woff2 → 200 (?ms, -815B)
[2026-07-21T16:32:35.836Z] GET https://fonts.gstatic.com/s/podkova/v33/K2FxfZ1EmftJSV9VaJnzJ6CiDyo.woff2 → 200 (?ms, -802B)
[2026-07-21T16:32:38.130Z] GET http://localhost:8797/deck/site/recital.html?v=1 → 200 (2ms, 7029B)
[2026-07-21T16:32:38.136Z] GET https://fonts.googleapis.com/css2?family=Podkova:wght@400;500;600;700;800&family=Inter:ital,wght@0,400;0,500;0,600;0,700;1,400&display=swap → 200 (?ms, -743B)
[2026-07-21T16:32:38.136Z] GET http://localhost:8797/deck/site/site.css?v=10 → 200 (?ms, -186B)
[2026-07-21T16:32:38.137Z] GET http://localhost:8797/deck/assets/img/pd-logo.jpg → 200 (?ms, -188B)
[2026-07-21T16:32:38.137Z] GET http://localhost:8797/deck/assets/img/scorpion-black.jpg → 200 (?ms, 921918B)
[2026-07-21T16:32:38.137Z] GET http://localhost:8797/deck/assets/img/minis-barre.jpg → 200 (1ms, 597732B)
[2026-07-21T16:32:38.138Z] GET https://fonts.gstatic.com/s/inter/v20/UcC73FwrK3iLTeHuS_nVMrMxCp50SjIa1ZL7W0Q5nw.woff2 → 200 (?ms, -815B)
[2026-07-21T16:32:38.138Z] GET https://fonts.gstatic.com/s/podkova/v33/K2FxfZ1EmftJSV9VaJnzJ6CiDyo.woff2 → 200 (?ms, -802B)
[2026-07-21T16:39:21.823Z] GET http://localhost:8797/deck/site/policies.html?v=1 → pending (?ms, ?B)
[2026-07-21T16:39:21.967Z] GET https://fonts.googleapis.com/css2?family=Podkova:wght@400;500;600;700;800&family=Inter:ital,wght@0,400;0,500;0,600;0,700;1,400&display=swap → 200 (?ms, -743B)
[2026-07-21T16:39:21.967Z] GET http://localhost:8797/deck/site/site.css?v=10 → 200 (?ms, -186B)
[2026-07-21T16:39:21.967Z] GET http://localhost:8797/deck/assets/img/pd-logo.jpg → 200 (?ms, -188B)
[2026-07-21T16:39:22.026Z] GET https://fonts.gstatic.com/s/inter/v20/UcC73FwrK3iLTeHuS_nVMrMxCp50SjIa1ZL7W0Q5nw.woff2 → 200 (1ms, -815B)
[2026-07-21T16:39:22.027Z] GET https://fonts.gstatic.com/s/podkova/v33/K2FxfZ1EmftJSV9VaJnzJ6CiDyo.woff2 → 200 (?ms, -802B)
